<?xml version="1.0" encoding="UTF-8"?>
<testsuite name="imageprocessing.ImageProcessorTests" tests="1" skipped="0" failures="0" errors="0" timestamp="2019-11-18T06:50:03" hostname="/0:0:0:0:0:0:0:1%lo" time="0.043">
  <properties/>
  <testcase name="processColorsTest" classname="imageprocessing.ImageProcessorTests" time="0.043"/>
  <system-out><![CDATA[]]></system-out>
  <system-err><![CDATA[]]></system-err>
</testsuite>
